.E
======================================================================
ERROR: test_baidu_set (__main__.BaiduTest)
----------------------------------------------------------------------
Traceback (most recent call last):
  File "D:\SOFTWARE\study\auto\selenium\test_case\baidu.py", line 23, in test_baidu_set
    m = driver.find_element_by_class_name("NR")
  File "C:\Python27\lib\site-packages\selenium-3.0.2-py2.7.egg\selenium\webdriver\remote\webdriver.py", line 413, in find_element_by_class_name
    return self.find_element(by=By.CLASS_NAME, value=name)
  File "C:\Python27\lib\site-packages\selenium-3.0.2-py2.7.egg\selenium\webdriver\remote\webdriver.py", line 752, in find_element
    'value': value})['value']
  File "C:\Python27\lib\site-packages\selenium-3.0.2-py2.7.egg\selenium\webdriver\remote\webdriver.py", line 236, in execute
    self.error_handler.check_response(response)
  File "C:\Python27\lib\site-packages\selenium-3.0.2-py2.7.egg\selenium\webdriver\remote\errorhandler.py", line 192, in check_response
    raise exception_class(message, screen, stacktrace)
NoSuchElementException: Message: Unable to locate element: .NR


----------------------------------------------------------------------
Ran 2 tests in 115.791s

FAILED (errors=1)
